2022-09-11 08:06:36 [172.18.0.1][-][-][warning][yii\debug\Module::checkAccess] Access to debugger is denied due to IP address restriction. The requesting IP address is 172.18.0.1
    in /app/frontend/views/layouts/main.php:81
    in /app/frontend/controllers/SiteController.php:78
2022-09-11 08:06:36 [172.18.0.1][-][-][warning][yii\debug\Module::checkAccess] Access to debugger is denied due to IP address restriction. The requesting IP address is 172.18.0.1
2022-09-11 08:06:30 [172.18.0.1][-][-][info][application] $_GET = []

$_POST = []

$_FILES = []

$_COOKIE = []

$_SESSION = [
    '__flash' => []
]

$_SERVER = [
    'HTTP_HOST' => 'localhost:22080'
    'HTTP_USER_AGENT' => 'Mozilla/5.0 (Windows NT 10.0; Win64; x64) AppleWebKit/537.36 (KHTML, like Gecko) Chrome/91.0.4433.0 Safari/537.36'
    'HTTP_ACCEPT' => 'text/html,application/xhtml+xml,application/xml;q=0.9,image/avif,image/webp,*/*;q=0.8'
    'HTTP_ACCEPT_LANGUAGE' => 'en-GB,en;q=0.5'
    'HTTP_ACCEPT_ENCODING' => 'gzip, deflate, br'
    'HTTP_DNT' => '1'
    'HTTP_CONNECTION' => 'keep-alive'
    'HTTP_UPGRADE_INSECURE_REQUESTS' => '1'
    'HTTP_SEC_FETCH_DEST' => 'document'
    'HTTP_SEC_FETCH_MODE' => 'navigate'
    'HTTP_SEC_FETCH_SITE' => 'none'
    'HTTP_SEC_FETCH_USER' => '?1'
    'HTTP_SEC_GPC' => '1'
    'PATH' => '/app:/app/vendor/bin:/root/.composer/vendor/bin:/usr/local/sbin:/usr/local/bin:/usr/sbin:/usr/bin:/sbin:/bin'
    'SERVER_SIGNATURE' => '<address>Apache/2.4.54 (Debian) Server at localhost Port 22080</address>
'
    'SERVER_SOFTWARE' => 'Apache/2.4.54 (Debian)'
    'SERVER_NAME' => 'localhost'
    'SERVER_ADDR' => '172.18.0.5'
    'SERVER_PORT' => '22080'
    'REMOTE_ADDR' => '172.18.0.1'
    'DOCUMENT_ROOT' => '/app/frontend/web'
    'REQUEST_SCHEME' => 'http'
    'CONTEXT_PREFIX' => ''
    'CONTEXT_DOCUMENT_ROOT' => '/app/frontend/web'
    'SERVER_ADMIN' => 'webmaster@localhost'
    'SCRIPT_FILENAME' => '/app/frontend/web/index.php'
    'REMOTE_PORT' => '41996'
    'GATEWAY_INTERFACE' => 'CGI/1.1'
    'SERVER_PROTOCOL' => 'HTTP/1.1'
    'REQUEST_METHOD' => 'GET'
    'QUERY_STRING' => ''
    'REQUEST_URI' => '/'
    'SCRIPT_NAME' => '/index.php'
    'PHP_SELF' => '/index.php'
    'REQUEST_TIME_FLOAT' => 1662883590.7546
    'REQUEST_TIME' => 1662883590
    'argv' => []
    'argc' => 0
]
2022-09-11 08:06:41 [172.18.0.1][-][-][warning][yii\debug\Module::checkAccess] Access to debugger is denied due to IP address restriction. The requesting IP address is 172.18.0.1
    in /app/frontend/views/layouts/main.php:81
    in /app/frontend/controllers/SiteController.php:78
2022-09-11 08:06:41 [172.18.0.1][-][-][warning][yii\debug\Module::checkAccess] Access to debugger is denied due to IP address restriction. The requesting IP address is 172.18.0.1
2022-09-11 08:06:41 [172.18.0.1][-][-][info][application] $_GET = []

$_POST = []

$_FILES = []

$_COOKIE = [
    'advanced-frontend' => '58c74e6ba94bf5a0eacd127724773d09'
    '_csrf-frontend' => 'b128d423c7f0650eb91877ddbc97c34b4c199ba3d0672e0e2756bf6a3edc4fcaa:2:{i:0;s:14:\"_csrf-frontend\";i:1;s:32:\"hjSfTPzsigmJQsrkHbUXD6_grl50bZ2W\";}'
]

$_SESSION = [
    '__flash' => []
]

$_SERVER = [
    'HTTP_HOST' => 'localhost:22080'
    'HTTP_USER_AGENT' => 'Mozilla/5.0 (Windows NT 10.0; Win64; x64) AppleWebKit/537.36 (KHTML, like Gecko) Chrome/91.0.4433.0 Safari/537.36'
    'HTTP_ACCEPT' => 'text/html,application/xhtml+xml,application/xml;q=0.9,image/avif,image/webp,*/*;q=0.8'
    'HTTP_ACCEPT_LANGUAGE' => 'en-GB,en;q=0.5'
    'HTTP_ACCEPT_ENCODING' => 'gzip, deflate, br'
    'HTTP_DNT' => '1'
    'HTTP_CONNECTION' => 'keep-alive'
    'HTTP_COOKIE' => 'advanced-frontend=58c74e6ba94bf5a0eacd127724773d09; _csrf-frontend=b128d423c7f0650eb91877ddbc97c34b4c199ba3d0672e0e2756bf6a3edc4fcaa%3A2%3A%7Bi%3A0%3Bs%3A14%3A%22_csrf-frontend%22%3Bi%3A1%3Bs%3A32%3A%22hjSfTPzsigmJQsrkHbUXD6_grl50bZ2W%22%3B%7D'
    'HTTP_UPGRADE_INSECURE_REQUESTS' => '1'
    'HTTP_SEC_FETCH_DEST' => 'document'
    'HTTP_SEC_FETCH_MODE' => 'navigate'
    'HTTP_SEC_FETCH_SITE' => 'none'
    'HTTP_SEC_FETCH_USER' => '?1'
    'HTTP_SEC_GPC' => '1'
    'PATH' => '/app:/app/vendor/bin:/root/.composer/vendor/bin:/usr/local/sbin:/usr/local/bin:/usr/sbin:/usr/bin:/sbin:/bin'
    'SERVER_SIGNATURE' => '<address>Apache/2.4.54 (Debian) Server at localhost Port 22080</address>
'
    'SERVER_SOFTWARE' => 'Apache/2.4.54 (Debian)'
    'SERVER_NAME' => 'localhost'
    'SERVER_ADDR' => '172.18.0.5'
    'SERVER_PORT' => '22080'
    'REMOTE_ADDR' => '172.18.0.1'
    'DOCUMENT_ROOT' => '/app/frontend/web'
    'REQUEST_SCHEME' => 'http'
    'CONTEXT_PREFIX' => ''
    'CONTEXT_DOCUMENT_ROOT' => '/app/frontend/web'
    'SERVER_ADMIN' => 'webmaster@localhost'
    'SCRIPT_FILENAME' => '/app/frontend/web/index.php'
    'REMOTE_PORT' => '42000'
    'GATEWAY_INTERFACE' => 'CGI/1.1'
    'SERVER_PROTOCOL' => 'HTTP/1.1'
    'REQUEST_METHOD' => 'GET'
    'QUERY_STRING' => ''
    'REQUEST_URI' => '/'
    'SCRIPT_NAME' => '/index.php'
    'PHP_SELF' => '/index.php'
    'REQUEST_TIME_FLOAT' => 1662883601.2331
    'REQUEST_TIME' => 1662883601
    'argv' => []
    'argc' => 0
]
2022-09-11 08:06:46 [172.18.0.1][-][-][warning][yii\debug\Module::checkAccess] Access to debugger is denied due to IP address restriction. The requesting IP address is 172.18.0.1
    in /app/frontend/views/layouts/main.php:81
    in /app/frontend/controllers/SiteController.php:78
2022-09-11 08:06:46 [172.18.0.1][-][-][warning][yii\debug\Module::checkAccess] Access to debugger is denied due to IP address restriction. The requesting IP address is 172.18.0.1
2022-09-11 08:06:46 [172.18.0.1][-][-][info][application] $_GET = []

$_POST = []

$_FILES = []

$_COOKIE = [
    'advanced-frontend' => '58c74e6ba94bf5a0eacd127724773d09'
    '_csrf-frontend' => 'b128d423c7f0650eb91877ddbc97c34b4c199ba3d0672e0e2756bf6a3edc4fcaa:2:{i:0;s:14:\"_csrf-frontend\";i:1;s:32:\"hjSfTPzsigmJQsrkHbUXD6_grl50bZ2W\";}'
]

$_SESSION = [
    '__flash' => []
]

$_SERVER = [
    'HTTP_HOST' => 'localhost:22080'
    'HTTP_USER_AGENT' => 'Mozilla/5.0 (Windows NT 10.0; Win64; x64) AppleWebKit/537.36 (KHTML, like Gecko) Chrome/91.0.4433.0 Safari/537.36'
    'HTTP_ACCEPT' => 'text/html,application/xhtml+xml,application/xml;q=0.9,image/avif,image/webp,*/*;q=0.8'
    'HTTP_ACCEPT_LANGUAGE' => 'en-GB,en;q=0.5'
    'HTTP_ACCEPT_ENCODING' => 'gzip, deflate, br'
    'HTTP_DNT' => '1'
    'HTTP_CONNECTION' => 'keep-alive'
    'HTTP_COOKIE' => 'advanced-frontend=58c74e6ba94bf5a0eacd127724773d09; _csrf-frontend=b128d423c7f0650eb91877ddbc97c34b4c199ba3d0672e0e2756bf6a3edc4fcaa%3A2%3A%7Bi%3A0%3Bs%3A14%3A%22_csrf-frontend%22%3Bi%3A1%3Bs%3A32%3A%22hjSfTPzsigmJQsrkHbUXD6_grl50bZ2W%22%3B%7D'
    'HTTP_UPGRADE_INSECURE_REQUESTS' => '1'
    'HTTP_SEC_FETCH_DEST' => 'document'
    'HTTP_SEC_FETCH_MODE' => 'navigate'
    'HTTP_SEC_FETCH_SITE' => 'none'
    'HTTP_SEC_FETCH_USER' => '?1'
    'HTTP_SEC_GPC' => '1'
    'PATH' => '/app:/app/vendor/bin:/root/.composer/vendor/bin:/usr/local/sbin:/usr/local/bin:/usr/sbin:/usr/bin:/sbin:/bin'
    'SERVER_SIGNATURE' => '<address>Apache/2.4.54 (Debian) Server at localhost Port 22080</address>
'
    'SERVER_SOFTWARE' => 'Apache/2.4.54 (Debian)'
    'SERVER_NAME' => 'localhost'
    'SERVER_ADDR' => '172.18.0.5'
    'SERVER_PORT' => '22080'
    'REMOTE_ADDR' => '172.18.0.1'
    'DOCUMENT_ROOT' => '/app/frontend/web'
    'REQUEST_SCHEME' => 'http'
    'CONTEXT_PREFIX' => ''
    'CONTEXT_DOCUMENT_ROOT' => '/app/frontend/web'
    'SERVER_ADMIN' => 'webmaster@localhost'
    'SCRIPT_FILENAME' => '/app/frontend/web/index.php'
    'REMOTE_PORT' => '42000'
    'GATEWAY_INTERFACE' => 'CGI/1.1'
    'SERVER_PROTOCOL' => 'HTTP/1.1'
    'REQUEST_METHOD' => 'GET'
    'QUERY_STRING' => ''
    'REQUEST_URI' => '/'
    'SCRIPT_NAME' => '/index.php'
    'PHP_SELF' => '/index.php'
    'REQUEST_TIME_FLOAT' => 1662883606.5594
    'REQUEST_TIME' => 1662883606
    'argv' => []
    'argc' => 0
]
2022-09-11 08:07:39 [172.18.0.1][-][-][warning][yii\debug\Module::checkAccess] Access to debugger is denied due to IP address restriction. The requesting IP address is 172.18.0.1
    in /app/frontend/views/layouts/main.php:81
    in /app/frontend/controllers/SiteController.php:78
2022-09-11 08:07:39 [172.18.0.1][-][-][warning][yii\debug\Module::checkAccess] Access to debugger is denied due to IP address restriction. The requesting IP address is 172.18.0.1
2022-09-11 08:07:39 [172.18.0.1][-][-][info][application] $_GET = []

$_POST = []

$_FILES = []

$_COOKIE = [
    'advanced-frontend' => '58c74e6ba94bf5a0eacd127724773d09'
    '_csrf-frontend' => 'b128d423c7f0650eb91877ddbc97c34b4c199ba3d0672e0e2756bf6a3edc4fcaa:2:{i:0;s:14:\"_csrf-frontend\";i:1;s:32:\"hjSfTPzsigmJQsrkHbUXD6_grl50bZ2W\";}'
]

$_SESSION = [
    '__flash' => []
]

$_SERVER = [
    'HTTP_HOST' => 'localhost:22080'
    'HTTP_USER_AGENT' => 'Mozilla/5.0 (Windows NT 10.0; Win64; x64) AppleWebKit/537.36 (KHTML, like Gecko) Chrome/91.0.4433.0 Safari/537.36'
    'HTTP_ACCEPT' => 'text/html,application/xhtml+xml,application/xml;q=0.9,image/avif,image/webp,*/*;q=0.8'
    'HTTP_ACCEPT_LANGUAGE' => 'en-GB,en;q=0.5'
    'HTTP_ACCEPT_ENCODING' => 'gzip, deflate, br'
    'HTTP_DNT' => '1'
    'HTTP_CONNECTION' => 'keep-alive'
    'HTTP_COOKIE' => 'advanced-frontend=58c74e6ba94bf5a0eacd127724773d09; _csrf-frontend=b128d423c7f0650eb91877ddbc97c34b4c199ba3d0672e0e2756bf6a3edc4fcaa%3A2%3A%7Bi%3A0%3Bs%3A14%3A%22_csrf-frontend%22%3Bi%3A1%3Bs%3A32%3A%22hjSfTPzsigmJQsrkHbUXD6_grl50bZ2W%22%3B%7D'
    'HTTP_UPGRADE_INSECURE_REQUESTS' => '1'
    'HTTP_SEC_FETCH_DEST' => 'document'
    'HTTP_SEC_FETCH_MODE' => 'navigate'
    'HTTP_SEC_FETCH_SITE' => 'none'
    'HTTP_SEC_FETCH_USER' => '?1'
    'HTTP_SEC_GPC' => '1'
    'PATH' => '/app:/app/vendor/bin:/root/.composer/vendor/bin:/usr/local/sbin:/usr/local/bin:/usr/sbin:/usr/bin:/sbin:/bin'
    'SERVER_SIGNATURE' => '<address>Apache/2.4.54 (Debian) Server at localhost Port 22080</address>
'
    'SERVER_SOFTWARE' => 'Apache/2.4.54 (Debian)'
    'SERVER_NAME' => 'localhost'
    'SERVER_ADDR' => '172.18.0.5'
    'SERVER_PORT' => '22080'
    'REMOTE_ADDR' => '172.18.0.1'
    'DOCUMENT_ROOT' => '/app/frontend/web'
    'REQUEST_SCHEME' => 'http'
    'CONTEXT_PREFIX' => ''
    'CONTEXT_DOCUMENT_ROOT' => '/app/frontend/web'
    'SERVER_ADMIN' => 'webmaster@localhost'
    'SCRIPT_FILENAME' => '/app/frontend/web/index.php'
    'REMOTE_PORT' => '42012'
    'GATEWAY_INTERFACE' => 'CGI/1.1'
    'SERVER_PROTOCOL' => 'HTTP/1.1'
    'REQUEST_METHOD' => 'GET'
    'QUERY_STRING' => ''
    'REQUEST_URI' => '/'
    'SCRIPT_NAME' => '/index.php'
    'PHP_SELF' => '/index.php'
    'REQUEST_TIME_FLOAT' => 1662883659.2911
    'REQUEST_TIME' => 1662883659
    'argv' => []
    'argc' => 0
]
2022-09-11 08:07:44 [172.18.0.1][-][-][warning][yii\debug\Module::checkAccess] Access to debugger is denied due to IP address restriction. The requesting IP address is 172.18.0.1
    in /app/frontend/views/layouts/main.php:81
    in /app/frontend/controllers/SiteController.php:78
2022-09-11 08:07:44 [172.18.0.1][-][-][warning][yii\debug\Module::checkAccess] Access to debugger is denied due to IP address restriction. The requesting IP address is 172.18.0.1
2022-09-11 08:07:43 [172.18.0.1][-][-][info][application] $_GET = []

$_POST = []

$_FILES = []

$_COOKIE = [
    'advanced-frontend' => '58c74e6ba94bf5a0eacd127724773d09'
    '_csrf-frontend' => 'b128d423c7f0650eb91877ddbc97c34b4c199ba3d0672e0e2756bf6a3edc4fcaa:2:{i:0;s:14:\"_csrf-frontend\";i:1;s:32:\"hjSfTPzsigmJQsrkHbUXD6_grl50bZ2W\";}'
]

$_SESSION = [
    '__flash' => []
]

$_SERVER = [
    'HTTP_HOST' => 'localhost:22080'
    'HTTP_USER_AGENT' => 'Mozilla/5.0 (Windows NT 10.0; Win64; x64) AppleWebKit/537.36 (KHTML, like Gecko) Chrome/91.0.4433.0 Safari/537.36'
    'HTTP_ACCEPT' => 'text/html,application/xhtml+xml,application/xml;q=0.9,image/avif,image/webp,*/*;q=0.8'
    'HTTP_ACCEPT_LANGUAGE' => 'en-GB,en;q=0.5'
    'HTTP_ACCEPT_ENCODING' => 'gzip, deflate, br'
    'HTTP_DNT' => '1'
    'HTTP_CONNECTION' => 'keep-alive'
    'HTTP_COOKIE' => 'advanced-frontend=58c74e6ba94bf5a0eacd127724773d09; _csrf-frontend=b128d423c7f0650eb91877ddbc97c34b4c199ba3d0672e0e2756bf6a3edc4fcaa%3A2%3A%7Bi%3A0%3Bs%3A14%3A%22_csrf-frontend%22%3Bi%3A1%3Bs%3A32%3A%22hjSfTPzsigmJQsrkHbUXD6_grl50bZ2W%22%3B%7D'
    'HTTP_UPGRADE_INSECURE_REQUESTS' => '1'
    'HTTP_SEC_FETCH_DEST' => 'document'
    'HTTP_SEC_FETCH_MODE' => 'navigate'
    'HTTP_SEC_FETCH_SITE' => 'none'
    'HTTP_SEC_FETCH_USER' => '?1'
    'HTTP_SEC_GPC' => '1'
    'PATH' => '/app:/app/vendor/bin:/root/.composer/vendor/bin:/usr/local/sbin:/usr/local/bin:/usr/sbin:/usr/bin:/sbin:/bin'
    'SERVER_SIGNATURE' => '<address>Apache/2.4.54 (Debian) Server at localhost Port 22080</address>
'
    'SERVER_SOFTWARE' => 'Apache/2.4.54 (Debian)'
    'SERVER_NAME' => 'localhost'
    'SERVER_ADDR' => '172.18.0.5'
    'SERVER_PORT' => '22080'
    'REMOTE_ADDR' => '172.18.0.1'
    'DOCUMENT_ROOT' => '/app/frontend/web'
    'REQUEST_SCHEME' => 'http'
    'CONTEXT_PREFIX' => ''
    'CONTEXT_DOCUMENT_ROOT' => '/app/frontend/web'
    'SERVER_ADMIN' => 'webmaster@localhost'
    'SCRIPT_FILENAME' => '/app/frontend/web/index.php'
    'REMOTE_PORT' => '42012'
    'GATEWAY_INTERFACE' => 'CGI/1.1'
    'SERVER_PROTOCOL' => 'HTTP/1.1'
    'REQUEST_METHOD' => 'GET'
    'QUERY_STRING' => ''
    'REQUEST_URI' => '/'
    'SCRIPT_NAME' => '/index.php'
    'PHP_SELF' => '/index.php'
    'REQUEST_TIME_FLOAT' => 1662883663.754
    'REQUEST_TIME' => 1662883663
    'argv' => []
    'argc' => 0
]
2022-09-11 08:07:49 [172.18.0.1][-][-][warning][yii\debug\Module::checkAccess] Access to debugger is denied due to IP address restriction. The requesting IP address is 172.18.0.1
    in /app/frontend/views/layouts/main.php:81
    in /app/frontend/controllers/SiteController.php:78
2022-09-11 08:07:49 [172.18.0.1][-][-][warning][yii\debug\Module::checkAccess] Access to debugger is denied due to IP address restriction. The requesting IP address is 172.18.0.1
2022-09-11 08:07:48 [172.18.0.1][-][-][info][application] $_GET = []

$_POST = []

$_FILES = []

$_COOKIE = [
    'advanced-frontend' => '58c74e6ba94bf5a0eacd127724773d09'
    '_csrf-frontend' => 'b128d423c7f0650eb91877ddbc97c34b4c199ba3d0672e0e2756bf6a3edc4fcaa:2:{i:0;s:14:\"_csrf-frontend\";i:1;s:32:\"hjSfTPzsigmJQsrkHbUXD6_grl50bZ2W\";}'
]

$_SESSION = [
    '__flash' => []
]

$_SERVER = [
    'HTTP_HOST' => 'localhost:22080'
    'HTTP_USER_AGENT' => 'Mozilla/5.0 (Windows NT 10.0; Win64; x64) AppleWebKit/537.36 (KHTML, like Gecko) Chrome/91.0.4433.0 Safari/537.36'
    'HTTP_ACCEPT' => 'text/html,application/xhtml+xml,application/xml;q=0.9,image/avif,image/webp,*/*;q=0.8'
    'HTTP_ACCEPT_LANGUAGE' => 'en-GB,en;q=0.5'
    'HTTP_ACCEPT_ENCODING' => 'gzip, deflate, br'
    'HTTP_DNT' => '1'
    'HTTP_CONNECTION' => 'keep-alive'
    'HTTP_COOKIE' => 'advanced-frontend=58c74e6ba94bf5a0eacd127724773d09; _csrf-frontend=b128d423c7f0650eb91877ddbc97c34b4c199ba3d0672e0e2756bf6a3edc4fcaa%3A2%3A%7Bi%3A0%3Bs%3A14%3A%22_csrf-frontend%22%3Bi%3A1%3Bs%3A32%3A%22hjSfTPzsigmJQsrkHbUXD6_grl50bZ2W%22%3B%7D'
    'HTTP_UPGRADE_INSECURE_REQUESTS' => '1'
    'HTTP_SEC_FETCH_DEST' => 'document'
    'HTTP_SEC_FETCH_MODE' => 'navigate'
    'HTTP_SEC_FETCH_SITE' => 'none'
    'HTTP_SEC_FETCH_USER' => '?1'
    'HTTP_SEC_GPC' => '1'
    'PATH' => '/app:/app/vendor/bin:/root/.composer/vendor/bin:/usr/local/sbin:/usr/local/bin:/usr/sbin:/usr/bin:/sbin:/bin'
    'SERVER_SIGNATURE' => '<address>Apache/2.4.54 (Debian) Server at localhost Port 22080</address>
'
    'SERVER_SOFTWARE' => 'Apache/2.4.54 (Debian)'
    'SERVER_NAME' => 'localhost'
    'SERVER_ADDR' => '172.18.0.5'
    'SERVER_PORT' => '22080'
    'REMOTE_ADDR' => '172.18.0.1'
    'DOCUMENT_ROOT' => '/app/frontend/web'
    'REQUEST_SCHEME' => 'http'
    'CONTEXT_PREFIX' => ''
    'CONTEXT_DOCUMENT_ROOT' => '/app/frontend/web'
    'SERVER_ADMIN' => 'webmaster@localhost'
    'SCRIPT_FILENAME' => '/app/frontend/web/index.php'
    'REMOTE_PORT' => '42012'
    'GATEWAY_INTERFACE' => 'CGI/1.1'
    'SERVER_PROTOCOL' => 'HTTP/1.1'
    'REQUEST_METHOD' => 'GET'
    'QUERY_STRING' => ''
    'REQUEST_URI' => '/'
    'SCRIPT_NAME' => '/index.php'
    'PHP_SELF' => '/index.php'
    'REQUEST_TIME_FLOAT' => 1662883668.9059
    'REQUEST_TIME' => 1662883668
    'argv' => []
    'argc' => 0
]
